<?xml version="1.0" encoding="UTF-8"?>
<testng-results ignored="0" total="1" passed="1" failed="0" skipped="0">
  <reporter-output>
    <line>
      <![CDATA[<div "result">user launch the url1 (PASSED : 11s)</div>]]>
    </line>
    <line>
      <![CDATA[<div "result">Verify Selectables title name is Selectable (PASSED : 0s)</div>]]>
    </line>
    <line>
      <![CDATA[<div "result">user click and print item name (PASSED : 16s)</div>]]>
    </line>
    <line>
      <![CDATA[<div "result">user close the Browser1 (PASSED : 1s)</div>]]>
    </line>
  </reporter-output>
  <suite started-at="2019-12-07T14:44:04 IST" name="Assignment" finished-at="2019-12-07T14:44:35 IST" duration-ms="31064">
    <groups>
    </groups>
    <test started-at="2019-12-07T14:44:04 IST" name="Test" finished-at="2019-12-07T14:44:35 IST" duration-ms="31064">
      <class name="testRunner.TestRunnerAS1">
        <test-method is-config="true" signature="setUpClass()[pri:0, instance:testRunner.TestRunnerAS1@3c9d0b9d]" started-at="2019-12-07T14:44:04 IST" name="setUpClass" finished-at="2019-12-07T14:44:05 IST" duration-ms="337" status="PASS">
          <reporter-output>
          </reporter-output>
        </test-method> <!-- setUpClass -->
        <test-method signature="runFeature(cucumber.api.testng.PickleEventWrapper, cucumber.api.testng.CucumberFeatureWrapper)[pri:0, instance:testRunner.TestRunnerAS1@3c9d0b9d]" started-at="2019-12-07T14:44:05 IST" name="runFeature" data-provider="scenarios" finished-at="2019-12-07T14:44:35 IST" duration-ms="30168" status="PASS">
          <params>
            <param index="0">
              <value>
                <![CDATA["Click and print selectable items"]]>
              </value>
            </param>
            <param index="1">
              <value>
                <![CDATA["Assignment1"]]>
              </value>
            </param>
          </params>
          <reporter-output>
            <line>
              <![CDATA[<div "result">user launch the url1 (PASSED : 11s)</div>]]>
            </line>
            <line>
              <![CDATA[<div "result">Verify Selectables title name is Selectable (PASSED : 0s)</div>]]>
            </line>
            <line>
              <![CDATA[<div "result">user click and print item name (PASSED : 16s)</div>]]>
            </line>
            <line>
              <![CDATA[<div "result">user close the Browser1 (PASSED : 1s)</div>]]>
            </line>
          </reporter-output>
        </test-method> <!-- runFeature -->
        <test-method is-config="true" signature="tearDownClass()[pri:0, instance:testRunner.TestRunnerAS1@3c9d0b9d]" started-at="2019-12-07T14:44:35 IST" name="tearDownClass" finished-at="2019-12-07T14:44:35 IST" duration-ms="191" status="PASS">
          <reporter-output>
          </reporter-output>
        </test-method> <!-- tearDownClass -->
      </class> <!-- testRunner.TestRunnerAS1 -->
    </test> <!-- Test -->
  </suite> <!-- Assignment -->
</testng-results>
